<?xml version="1.0" encoding="UTF-8"?>
<testsuite xmlns:xsi="http://www.w3.org/2001/XMLSchema-instance" xsi:noNamespaceSchemaLocation="https://maven.apache.org/surefire/maven-surefire-plugin/xsd/surefire-test-report-3.0.xsd" version="3.0" name="zest.FindAllDuplicatesInArrayTest" time="0.629" tests="6" errors="0" skipped="0" failures="0">
  <properties>
[...]
</properties>
  <testcase name="preconditionElementOutOfRangeUpperBound" classname="zest.FindAllDuplicatesInArrayTest" time="0.035"/>
  <testcase name="postconditionOutputValuesInRange" classname="zest.FindAllDuplicatesInArrayTest" time="0.003"/>
  <testcase name="emptyArray" classname="zest.FindAllDuplicatesInArrayTest" time="0.002"/>
  <testcase name="preconditionArrayTooLong" classname="zest.FindAllDuplicatesInArrayTest" time="0.002"/>
  <testcase name="preconditionArrayEmpty" classname="zest.FindAllDuplicatesInArrayTest" time="0.001"/>
  <testcase name="preconditionNullInput" classname="zest.FindAllDuplicatesInArrayTest" time="0.001"/>
  <testcase name="arrayWithOneElement" classname="zest.FindAllDuplicatesInArrayTest" time="0.003"/>
  <testcase name="arrayWithMoreThanOneDuplicate" classname="zest.FindAllDuplicatesInArrayTest" time="0.001"/>
  <testcase name="preconditionElementOutOfRangeLowerBound" classname="zest.FindAllDuplicatesInArrayTest" time="0.001"/>
  <testcase name="arrayWithOneDuplicate" classname="zest.FindAllDuplicatesInArrayTest" time="0.001"/>
  <testcase name="postconditionOutputSize" classname="zest.FindAllDuplicatesInArrayTest" time="0.0"/>
  <testcase name="arrayWithNoDuplicats" classname="zest.FindAllDuplicatesInArrayTest" time="0.0"/>
  <testcase name="postconditionOnlyValidDuplicatesInOutput" classname="zest.FindAllDuplicatesInArrayTest" time="0.415">
    <system-out><![CDATA[timestamp = 2026-04-27T13:00:54.643150723, FindAllDuplicatesInArrayTest:postconditionOnlyValidDuplicatesInOutput = 
                              |-----------------------jqwik-----------------------
tries = 1000                  | # of calls to property
checks = 1000                 | # of not rejected calls
generation = EXHAUSTIVE       | parameters are exhaustively generated
after-failure = SAMPLE_FIRST  | try previously failed sample, then previous seed
when-fixed-seed = ALLOW       | fixing the random seed is allowed
edge-cases#mode = MIXIN       | edge cases are mixed in
edge-cases#total = 0          | # of all combined edge cases
edge-cases#tried = 0          | # of edge cases tried in current run
seed = -6378324560053881795   | random seed to reproduce generated values


]]></system-out>
    <system-err><![CDATA[Apr 27, 2026 1:00:54 PM net.jqwik.engine.execution.AfterFailureParametersGenerator logAfterFailureHandling
INFO: After Failure Handling: SAMPLE_FIRST, Previous Generation: <GenerationInfo(-6378324560053881795, 8, [])>
]]></system-err>
  </testcase>
  <testcase name="postconditionNoDuplicatesInOutput" classname="zest.FindAllDuplicatesInArrayTest" time="0.046">
    <system-out><![CDATA[timestamp = 2026-04-27T13:00:54.690697066, FindAllDuplicatesInArrayTest:postconditionNoDuplicatesInOutput = 
                              |-----------------------jqwik-----------------------
tries = 1000                  | # of calls to property
checks = 1000                 | # of not rejected calls
generation = EXHAUSTIVE       | parameters are exhaustively generated
after-failure = SAMPLE_FIRST  | try previously failed sample, then previous seed
when-fixed-seed = ALLOW       | fixing the random seed is allowed
edge-cases#mode = MIXIN       | edge cases are mixed in
edge-cases#total = 0          | # of all combined edge cases
edge-cases#tried = 0          | # of edge cases tried in current run
seed = -6101001806108243458   | random seed to reproduce generated values


]]></system-out>
  </testcase>
  <testcase name="postconditionInputOrderIndependence" classname="zest.FindAllDuplicatesInArrayTest" time="0.056">
    <system-out><![CDATA[timestamp = 2026-04-27T13:00:54.747269130, FindAllDuplicatesInArrayTest:postconditionInputOrderIndependence = 
                              |-----------------------jqwik-----------------------
tries = 1000                  | # of calls to property
checks = 1000                 | # of not rejected calls
generation = EXHAUSTIVE       | parameters are exhaustively generated
after-failure = SAMPLE_FIRST  | try previously failed sample, then previous seed
when-fixed-seed = ALLOW       | fixing the random seed is allowed
edge-cases#mode = MIXIN       | edge cases are mixed in
edge-cases#total = 0          | # of all combined edge cases
edge-cases#tried = 0          | # of edge cases tried in current run
seed = 802520280561226975     | random seed to reproduce generated values


]]></system-out>
    <system-err><![CDATA[Apr 27, 2026 1:00:54 PM net.jqwik.engine.execution.AfterFailureParametersGenerator logAfterFailureHandling
INFO: After Failure Handling: SAMPLE_FIRST, Previous Generation: <GenerationInfo(802520280561226975, 1, [])>
]]></system-err>
  </testcase>
  <testcase name="validInputDoesNotThrow" classname="zest.FindAllDuplicatesInArrayTest" time="0.028">
    <system-out><![CDATA[timestamp = 2026-04-27T13:00:54.775817710, FindAllDuplicatesInArrayTest:validInputDoesNotThrow = 
                              |-----------------------jqwik-----------------------
tries = 1000                  | # of calls to property
checks = 1000                 | # of not rejected calls
generation = EXHAUSTIVE       | parameters are exhaustively generated
after-failure = SAMPLE_FIRST  | try previously failed sample, then previous seed
when-fixed-seed = ALLOW       | fixing the random seed is allowed
edge-cases#mode = MIXIN       | edge cases are mixed in
edge-cases#total = 0          | # of all combined edge cases
edge-cases#tried = 0          | # of edge cases tried in current run
seed = -4555167478077987318   | random seed to reproduce generated values


]]></system-out>
  </testcase>
  <testcase name="postconditionOutputSizeProperty" classname="zest.FindAllDuplicatesInArrayTest" time="0.031">
    <system-out><![CDATA[timestamp = 2026-04-27T13:00:54.807281555, FindAllDuplicatesInArrayTest:postconditionOutputSizeProperty = 
                              |-----------------------jqwik-----------------------
tries = 1000                  | # of calls to property
checks = 1000                 | # of not rejected calls
generation = EXHAUSTIVE       | parameters are exhaustively generated
after-failure = SAMPLE_FIRST  | try previously failed sample, then previous seed
when-fixed-seed = ALLOW       | fixing the random seed is allowed
edge-cases#mode = MIXIN       | edge cases are mixed in
edge-cases#total = 0          | # of all combined edge cases
edge-cases#tried = 0          | # of edge cases tried in current run
seed = -5930110355971903363   | random seed to reproduce generated values


]]></system-out>
  </testcase>
  <testcase name="postconditionOnlyDuplicatesInRangeInOutput" classname="zest.FindAllDuplicatesInArrayTest" time="0.028">
    <system-out><![CDATA[timestamp = 2026-04-27T13:00:54.835627957, FindAllDuplicatesInArrayTest:postconditionOnlyDuplicatesInRangeInOutput = 
                              |-----------------------jqwik-----------------------
tries = 1000                  | # of calls to property
checks = 1000                 | # of not rejected calls
generation = EXHAUSTIVE       | parameters are exhaustively generated
after-failure = SAMPLE_FIRST  | try previously failed sample, then previous seed
when-fixed-seed = ALLOW       | fixing the random seed is allowed
edge-cases#mode = MIXIN       | edge cases are mixed in
edge-cases#total = 0          | # of all combined edge cases
edge-cases#tried = 0          | # of edge cases tried in current run
seed = -6388768245785939865   | random seed to reproduce generated values


]]></system-out>
  </testcase>
</testsuite>