<?xml version="1.0" encoding="UTF-8"?>
<testsuite xmlns:xsi="http://www.w3.org/2001/XMLSchema-instance" xsi:noNamespaceSchemaLocation="https://maven.apache.org/surefire/maven-surefire-plugin/xsd/surefire-test-report-3.0.xsd" version="3.0" name="zest.MergeIntervalsTest" time="0.241" tests="4" errors="0" skipped="0" failures="0">
  <properties>
[...]
</properties>
  <testcase name="intervalLengthNotTwoViolatesPrecondition" classname="zest.MergeIntervalsTest" time="0.016"/>
  <testcase name="validInputAlwaysUsesLengthTwoIntervals" classname="zest.MergeIntervalsTest" time="0.001"/>
  <testcase name="nullEntryViolatesPrecondition" classname="zest.MergeIntervalsTest" time="0.001"/>
  <testcase name="emptyInputReturnsEmptyOutput" classname="zest.MergeIntervalsTest" time="0.005"/>
  <testcase name="handlesUnsortedInput" classname="zest.MergeIntervalsTest" time="0.0"/>
  <testcase name="mergesChainsOfOverlappingIntervals" classname="zest.MergeIntervalsTest" time="0.0"/>
  <testcase name="example1FromProblemStatement" classname="zest.MergeIntervalsTest" time="0.001"/>
  <testcase name="nullInputViolatesPrecondition" classname="zest.MergeIntervalsTest" time="0.001"/>
  <testcase name="example2FromProblemStatement" classname="zest.MergeIntervalsTest" time="0.0"/>
  <testcase name="handlesSingleInterval" classname="zest.MergeIntervalsTest" time="0.001"/>
  <testcase name="mergesNestedIntervals" classname="zest.MergeIntervalsTest" time="0.0"/>
  <testcase name="keepsDisjointIntervalsSeparated" classname="zest.MergeIntervalsTest" time="0.001"/>
  <testcase name="P4 Handles empty/non-empty generated inputs consistently" classname="zest.MergeIntervalsTest" time="0.167">
    <system-out><![CDATA[timestamp = 2026-04-27T16:56:30.581507, MergeIntervalsTest:P4 Handles empty/non-empty generated inputs consistently = 
                              |-----------------------jqwik-----------------------
tries = 250                   | # of calls to property
checks = 250                  | # of not rejected calls
generation = RANDOMIZED       | parameters are randomly generated
after-failure = SAMPLE_FIRST  | try previously failed sample, then previous seed
when-fixed-seed = ALLOW       | fixing the random seed is allowed
edge-cases#mode = MIXIN       | edge cases are mixed in
edge-cases#total = 82         | # of all combined edge cases
edge-cases#tried = 46         | # of edge cases tried in current run
seed = 4375461599199845697    | random seed to reproduce generated values


]]></system-out>
  </testcase>
  <testcase name="P3 Permutation invariance" classname="zest.MergeIntervalsTest" time="0.023">
    <system-out><![CDATA[timestamp = 2026-04-27T16:56:30.607603, MergeIntervalsTest:P3 Permutation invariance = 
                              |-----------------------jqwik-----------------------
tries = 250                   | # of calls to property
checks = 250                  | # of not rejected calls
generation = RANDOMIZED       | parameters are randomly generated
after-failure = SAMPLE_FIRST  | try previously failed sample, then previous seed
when-fixed-seed = ALLOW       | fixing the random seed is allowed
edge-cases#mode = MIXIN       | edge cases are mixed in
edge-cases#total = 81         | # of all combined edge cases
edge-cases#tried = 44         | # of edge cases tried in current run
seed = -8396656249286456361   | random seed to reproduce generated values


]]></system-out>
  </testcase>
  <testcase name="P1 Contract preservation" classname="zest.MergeIntervalsTest" time="0.021">
    <system-out><![CDATA[timestamp = 2026-04-27T16:56:30.628881, MergeIntervalsTest:P1 Contract preservation = 
                              |-----------------------jqwik-----------------------
tries = 250                   | # of calls to property
checks = 250                  | # of not rejected calls
generation = RANDOMIZED       | parameters are randomly generated
after-failure = SAMPLE_FIRST  | try previously failed sample, then previous seed
when-fixed-seed = ALLOW       | fixing the random seed is allowed
edge-cases#mode = MIXIN       | edge cases are mixed in
edge-cases#total = 81         | # of all combined edge cases
edge-cases#tried = 38         | # of edge cases tried in current run
seed = 2328987585093815196    | random seed to reproduce generated values


]]></system-out>
  </testcase>
  <testcase name="P2 Idempotence" classname="zest.MergeIntervalsTest" time="0.016">
    <system-out><![CDATA[timestamp = 2026-04-27T16:56:30.645487, MergeIntervalsTest:P2 Idempotence = 
                              |-----------------------jqwik-----------------------
tries = 250                   | # of calls to property
checks = 250                  | # of not rejected calls
generation = RANDOMIZED       | parameters are randomly generated
after-failure = SAMPLE_FIRST  | try previously failed sample, then previous seed
when-fixed-seed = ALLOW       | fixing the random seed is allowed
edge-cases#mode = MIXIN       | edge cases are mixed in
edge-cases#total = 81         | # of all combined edge cases
edge-cases#tried = 38         | # of edge cases tried in current run
seed = -3805389065651883535   | random seed to reproduce generated values


]]></system-out>
  </testcase>
</testsuite>