<?xml version="1.0" encoding="UTF-8"?>
<testsuite xmlns:xsi="http://www.w3.org/2001/XMLSchema-instance" xsi:noNamespaceSchemaLocation="https://maven.apache.org/surefire/maven-surefire-plugin/xsd/surefire-test-report-3.0.xsd" version="3.0" name="zest.ConvertSortedListToBinarySearchTreeTest" time="0.179" tests="3" errors="0" skipped="0" failures="0">
  <properties>
[...]
</properties>
  <testcase name="example3SingleNodeInput" classname="zest.ConvertSortedListToBinarySearchTreeTest" time="0.02"/>
  <testcase name="fuzzesManyRandomValidSortedLists" classname="zest.ConvertSortedListToBinarySearchTreeTest" time="0.011"/>
  <testcase name="preservesDuplicateValues" classname="zest.ConvertSortedListToBinarySearchTreeTest" time="0.0"/>
  <testcase name="rejectsValuesBelowAllowedRange" classname="zest.ConvertSortedListToBinarySearchTreeTest" time="0.001"/>
  <testcase name="fuzzesManyRandomOutOfRangeValues" classname="zest.ConvertSortedListToBinarySearchTreeTest" time="0.003"/>
  <testcase name="example2EmptyInputReturnsNull" classname="zest.ConvertSortedListToBinarySearchTreeTest" time="0.0"/>
  <testcase name="rejectsUnsortedInput" classname="zest.ConvertSortedListToBinarySearchTreeTest" time="0.0"/>
  <testcase name="fuzzesManyRandomInvalidLists" classname="zest.ConvertSortedListToBinarySearchTreeTest" time="0.002"/>
  <testcase name="example1FromProblemStatement" classname="zest.ConvertSortedListToBinarySearchTreeTest" time="0.001"/>
  <testcase name="acceptsBoundaryValuesAndMaximumLength" classname="zest.ConvertSortedListToBinarySearchTreeTest" time="0.004"/>
  <testcase name="rejectsValuesAboveAllowedRange" classname="zest.ConvertSortedListToBinarySearchTreeTest" time="0.001"/>
  <testcase name="rejectsTooManyNodes" classname="zest.ConvertSortedListToBinarySearchTreeTest" time="0.002"/>
  <testcase name="handlesEvenNumberOfNodes" classname="zest.ConvertSortedListToBinarySearchTreeTest" time="0.001"/>
  <testcase name="Out-of-range values violate the input contract" classname="zest.ConvertSortedListToBinarySearchTreeTest" time="0.123">
    <system-out><![CDATA[timestamp = 2026-04-27T17:30:13.750622, ConvertSortedListToBinarySearchTreeTest:Out-of-range values violate the input contract = 
                              |-----------------------jqwik-----------------------
tries = 100                   | # of calls to property
checks = 100                  | # of not rejected calls
generation = RANDOMIZED       | parameters are randomly generated
after-failure = SAMPLE_FIRST  | try previously failed sample, then previous seed
when-fixed-seed = ALLOW       | fixing the random seed is allowed
edge-cases#mode = MIXIN       | edge cases are mixed in
edge-cases#total = 8          | # of all combined edge cases
edge-cases#tried = 8          | # of edge cases tried in current run
seed = 2053241878277625274    | random seed to reproduce generated values


]]></system-out>
  </testcase>
  <testcase name="Unsorted lists violate the input contract" classname="zest.ConvertSortedListToBinarySearchTreeTest" time="0.013">
    <system-out><![CDATA[timestamp = 2026-04-27T17:30:13.766140, ConvertSortedListToBinarySearchTreeTest:Unsorted lists violate the input contract = 
                              |-----------------------jqwik-----------------------
tries = 100                   | # of calls to property
checks = 100                  | # of not rejected calls
generation = RANDOMIZED       | parameters are randomly generated
after-failure = SAMPLE_FIRST  | try previously failed sample, then previous seed
when-fixed-seed = ALLOW       | fixing the random seed is allowed
edge-cases#mode = MIXIN       | edge cases are mixed in
edge-cases#total = 8          | # of all combined edge cases
edge-cases#tried = 7          | # of edge cases tried in current run
seed = -8108436829882808263   | random seed to reproduce generated values


]]></system-out>
  </testcase>
  <testcase name="Valid sorted inputs preserve values and produce balanced trees" classname="zest.ConvertSortedListToBinarySearchTreeTest" time="0.035">
    <system-out><![CDATA[timestamp = 2026-04-27T17:30:13.801606, ConvertSortedListToBinarySearchTreeTest:Valid sorted inputs preserve values and produce balanced trees = 
                              |-----------------------jqwik-----------------------
tries = 250                   | # of calls to property
checks = 250                  | # of not rejected calls
generation = RANDOMIZED       | parameters are randomly generated
after-failure = SAMPLE_FIRST  | try previously failed sample, then previous seed
when-fixed-seed = ALLOW       | fixing the random seed is allowed
edge-cases#mode = MIXIN       | edge cases are mixed in
edge-cases#total = 10         | # of all combined edge cases
edge-cases#tried = 10         | # of edge cases tried in current run
seed = -3570312885608370778   | random seed to reproduce generated values


]]></system-out>
  </testcase>
</testsuite>